TN:
SF:src/modules/schools/services/CreateSchoolService.ts
FN:15,(anonymous_17)
FN:17,CreateSchoolService
FN:22,(anonymous_19)
FNF:3
FNH:3
FNDA:1,(anonymous_17)
FNDA:2,CreateSchoolService
FNDA:3,(anonymous_19)
DA:2,1
DA:3,1
DA:15,1
DA:19,2
DA:22,3
DA:24,3
DA:26,3
DA:27,1
DA:30,2
DA:32,2
DA:34,1
LF:11
LH:11
BRDA:24,0,0,3
BRDA:26,1,0,1
BRDA:26,1,1,2
BRF:3
BRH:3
end_of_record
TN:
SF:src/modules/schools/services/DeleteSchoolService.ts
FN:8,(anonymous_17)
FN:10,DeleteSchoolService
FN:15,(anonymous_19)
FNF:3
FNH:3
FNDA:1,(anonymous_17)
FNDA:2,DeleteSchoolService
FNDA:2,(anonymous_19)
DA:1,1
DA:5,1
DA:8,1
DA:12,2
DA:15,1
DA:18,2
DA:20,2
DA:21,1
DA:23,1
DA:26,1
LF:10
LH:10
BRDA:18,0,0,2
BRDA:20,1,0,1
BRDA:20,1,1,1
BRF:3
BRH:3
end_of_record
TN:
SF:src/modules/schools/services/UpdateSchoolService.ts
FN:16,(anonymous_17)
FN:17,UpdateSchoolService
FN:22,(anonymous_19)
FNF:3
FNH:3
FNDA:1,(anonymous_17)
FNDA:2,UpdateSchoolService
FNDA:2,(anonymous_19)
DA:1,1
DA:5,1
DA:16,1
DA:19,2
DA:22,1
DA:23,2
DA:24,2
DA:25,2
DA:26,2
DA:27,2
DA:29,2
DA:31,2
DA:32,1
DA:35,1
DA:43,1
DA:45,1
LF:16
LH:16
BRDA:29,0,0,2
BRDA:31,1,0,1
BRDA:31,1,1,1
BRF:3
BRH:3
end_of_record
